[0.013s] Invoking command in '/home/jacob/ros2_ws/src/tutorial_interfaces/build/tutorial_interfaces': CMAKE_PREFIX_PATH=${CMAKE_PREFIX_PATH}:/home/jacob/ros2_ws/install/py_srvcli:/home/jacob/ros2_ws/install/py_pubsub:/home/jacob/ros2_ws/install/py_cameratest:/home/jacob/ros2_ws/install/my_package:/home/jacob/ros2_ws/install/examples_rclpy_pointcloud_publisher:/home/jacob/ros2_ws/install/examples_rclpy_minimal_subscriber:/home/jacob/ros2_ws/install/examples_rclpy_minimal_service:/home/jacob/ros2_ws/install/examples_rclpy_minimal_publisher:/home/jacob/ros2_ws/install/examples_rclpy_minimal_client:/home/jacob/ros2_ws/install/examples_rclpy_minimal_action_server:/home/jacob/ros2_ws/install/examples_rclpy_minimal_action_client:/home/jacob/ros2_ws/install/examples_rclpy_guard_conditions:/home/jacob/ros2_ws/install/examples_rclpy_executors:/opt/ros/galactic /usr/bin/cmake /home/jacob/ros2_ws/src/tutorial_interfaces -DCMAKE_INSTALL_PREFIX=/home/jacob/ros2_ws/src/tutorial_interfaces/install/tutorial_interfaces
[0.159s] -- The C compiler identification is GNU 9.4.0
[0.291s] -- The CXX compiler identification is GNU 9.4.0
[0.299s] -- Check for working C compiler: /usr/bin/cc
[0.362s] -- Check for working C compiler: /usr/bin/cc -- works
[0.363s] -- Detecting C compiler ABI info
[0.428s] -- Detecting C compiler ABI info - done
[0.439s] -- Detecting C compile features
[0.440s] -- Detecting C compile features - done
[0.442s] -- Check for working CXX compiler: /usr/bin/c++
[0.519s] -- Check for working CXX compiler: /usr/bin/c++ -- works
[0.520s] -- Detecting CXX compiler ABI info
[0.596s] -- Detecting CXX compiler ABI info - done
[0.607s] -- Detecting CXX compile features
[0.607s] -- Detecting CXX compile features - done
[0.614s] -- Found ament_cmake: 1.1.6 (/opt/ros/galactic/share/ament_cmake/cmake)
[0.653s] -- Found PythonInterp: /usr/bin/python3 (found suitable version "3.8.10", minimum required is "3") 
[0.653s] -- Using PYTHON_EXECUTABLE: /usr/bin/python3
[0.764s] -- Found ament_lint_auto: 0.10.7 (/opt/ros/galactic/share/ament_lint_auto/cmake)
[0.867s] -- Added test 'copyright' to check source files copyright and LICENSE
[0.872s] -- Added test 'cppcheck' to perform static code analysis on C / C++ code
[0.872s] -- Configured cppcheck include dirs: 
[0.872s] -- Configured cppcheck exclude dirs and/or files: 
[0.877s] -- Added test 'cpplint' to check C / C++ code against the Google style
[0.877s] -- Configured cpplint exclude dirs and/or files: 
[0.879s] -- Added test 'lint_cmake' to check CMake code style
[0.885s] -- Added test 'uncrustify' to check C / C++ code style
[0.885s] -- Configured uncrustify additional arguments: 
[0.886s] -- Added test 'xmllint' to check XML markup files
[0.891s] -- Found geometry_msgs: 2.2.4 (/opt/ros/galactic/share/geometry_msgs/cmake)
[0.937s] -- Using all available rosidl_typesupport_c: rosidl_typesupport_fastrtps_c;rosidl_typesupport_introspection_c
[0.950s] -- Found rosidl_adapter: 2.2.3 (/opt/ros/galactic/share/rosidl_adapter/cmake)
[1.037s] -- Found OpenSSL: /usr/lib/x86_64-linux-gnu/libcrypto.so (found version "1.1.1f")  
[1.064s] -- Found FastRTPS: /opt/ros/galactic/include  
[1.150s] -- Using all available rosidl_typesupport_cpp: rosidl_typesupport_fastrtps_cpp;rosidl_typesupport_introspection_cpp
[1.242s] -- Found rosidl_default_generators: 1.1.1 (/opt/ros/galactic/share/rosidl_default_generators/cmake)
[1.256s] CMake Error at /opt/ros/galactic/share/rosidl_cmake/cmake/rosidl_generate_interfaces.cmake:64 (message):
[1.256s]   rosidl_generate_interfaces() must be called before ament_package()
[1.256s] Call Stack (most recent call first):
[1.256s]   CMakeLists.txt:30 (rosidl_generate_interfaces)
[1.257s] 
[1.257s] 
[1.258s] -- Configuring incomplete, errors occurred!
[1.258s] See also "/home/jacob/ros2_ws/src/tutorial_interfaces/build/tutorial_interfaces/CMakeFiles/CMakeOutput.log".
[1.265s] Invoked command in '/home/jacob/ros2_ws/src/tutorial_interfaces/build/tutorial_interfaces' returned '1': CMAKE_PREFIX_PATH=${CMAKE_PREFIX_PATH}:/home/jacob/ros2_ws/install/py_srvcli:/home/jacob/ros2_ws/install/py_pubsub:/home/jacob/ros2_ws/install/py_cameratest:/home/jacob/ros2_ws/install/my_package:/home/jacob/ros2_ws/install/examples_rclpy_pointcloud_publisher:/home/jacob/ros2_ws/install/examples_rclpy_minimal_subscriber:/home/jacob/ros2_ws/install/examples_rclpy_minimal_service:/home/jacob/ros2_ws/install/examples_rclpy_minimal_publisher:/home/jacob/ros2_ws/install/examples_rclpy_minimal_client:/home/jacob/ros2_ws/install/examples_rclpy_minimal_action_server:/home/jacob/ros2_ws/install/examples_rclpy_minimal_action_client:/home/jacob/ros2_ws/install/examples_rclpy_guard_conditions:/home/jacob/ros2_ws/install/examples_rclpy_executors:/opt/ros/galactic /usr/bin/cmake /home/jacob/ros2_ws/src/tutorial_interfaces -DCMAKE_INSTALL_PREFIX=/home/jacob/ros2_ws/src/tutorial_interfaces/install/tutorial_interfaces
