[0.013s] Invoking command in '/home/jacob/ros2_ws/src/tutorial_interfaces/build/tutorial_interfaces': CMAKE_PREFIX_PATH=${CMAKE_PREFIX_PATH}:/home/jacob/ros2_ws/install/py_srvcli:/home/jacob/ros2_ws/install/py_pubsub:/home/jacob/ros2_ws/install/py_cameratest:/home/jacob/ros2_ws/install/my_package:/home/jacob/ros2_ws/install/examples_rclpy_pointcloud_publisher:/home/jacob/ros2_ws/install/examples_rclpy_minimal_subscriber:/home/jacob/ros2_ws/install/examples_rclpy_minimal_service:/home/jacob/ros2_ws/install/examples_rclpy_minimal_publisher:/home/jacob/ros2_ws/install/examples_rclpy_minimal_client:/home/jacob/ros2_ws/install/examples_rclpy_minimal_action_server:/home/jacob/ros2_ws/install/examples_rclpy_minimal_action_client:/home/jacob/ros2_ws/install/examples_rclpy_guard_conditions:/home/jacob/ros2_ws/install/examples_rclpy_executors:/opt/ros/galactic /usr/bin/cmake /home/jacob/ros2_ws/src/tutorial_interfaces -DCMAKE_INSTALL_PREFIX=/home/jacob/ros2_ws/src/tutorial_interfaces/install/tutorial_interfaces
[0.029s] -- Found ament_cmake: 1.1.6 (/opt/ros/galactic/share/ament_cmake/cmake)
[0.057s] -- Using PYTHON_EXECUTABLE: /usr/bin/python3
[0.120s] -- Found ament_lint_auto: 0.10.7 (/opt/ros/galactic/share/ament_lint_auto/cmake)
[0.195s] -- Added test 'copyright' to check source files copyright and LICENSE
[0.201s] -- Added test 'cppcheck' to perform static code analysis on C / C++ code
[0.201s] -- Configured cppcheck include dirs: 
[0.201s] -- Configured cppcheck exclude dirs and/or files: 
[0.206s] -- Added test 'cpplint' to check C / C++ code against the Google style
[0.206s] -- Configured cpplint exclude dirs and/or files: 
[0.207s] -- Added test 'flake8' to check Python code syntax and style conventions
[0.209s] -- Added test 'lint_cmake' to check CMake code style
[0.210s] -- Added test 'pep257' to check Python code against some of the style conventions in PEP 257
[0.216s] -- Added test 'uncrustify' to check C / C++ code style
[0.216s] -- Configured uncrustify additional arguments: 
[0.217s] -- Added test 'xmllint' to check XML markup files
[0.218s] -- Found geometry_msgs: 2.2.4 (/opt/ros/galactic/share/geometry_msgs/cmake)
[0.239s] -- Using all available rosidl_typesupport_c: rosidl_typesupport_fastrtps_c;rosidl_typesupport_introspection_c
[0.242s] -- Found rosidl_adapter: 2.2.3 (/opt/ros/galactic/share/rosidl_adapter/cmake)
[0.353s] -- Using all available rosidl_typesupport_cpp: rosidl_typesupport_fastrtps_cpp;rosidl_typesupport_introspection_cpp
[0.425s] -- Found rosidl_default_generators: 1.1.1 (/opt/ros/galactic/share/rosidl_default_generators/cmake)
[0.436s] CMake Error at /opt/ros/galactic/share/rosidl_cmake/cmake/rosidl_generate_interfaces.cmake:64 (message):
[0.437s]   rosidl_generate_interfaces() must be called before ament_package()
[0.437s] Call Stack (most recent call first):
[0.437s]   CMakeLists.txt:30 (rosidl_generate_interfaces)
[0.437s] 
[0.437s] 
[0.438s] -- Configuring incomplete, errors occurred!
[0.438s] See also "/home/jacob/ros2_ws/src/tutorial_interfaces/build/tutorial_interfaces/CMakeFiles/CMakeOutput.log".
[0.443s] Invoked command in '/home/jacob/ros2_ws/src/tutorial_interfaces/build/tutorial_interfaces' returned '1': CMAKE_PREFIX_PATH=${CMAKE_PREFIX_PATH}:/home/jacob/ros2_ws/install/py_srvcli:/home/jacob/ros2_ws/install/py_pubsub:/home/jacob/ros2_ws/install/py_cameratest:/home/jacob/ros2_ws/install/my_package:/home/jacob/ros2_ws/install/examples_rclpy_pointcloud_publisher:/home/jacob/ros2_ws/install/examples_rclpy_minimal_subscriber:/home/jacob/ros2_ws/install/examples_rclpy_minimal_service:/home/jacob/ros2_ws/install/examples_rclpy_minimal_publisher:/home/jacob/ros2_ws/install/examples_rclpy_minimal_client:/home/jacob/ros2_ws/install/examples_rclpy_minimal_action_server:/home/jacob/ros2_ws/install/examples_rclpy_minimal_action_client:/home/jacob/ros2_ws/install/examples_rclpy_guard_conditions:/home/jacob/ros2_ws/install/examples_rclpy_executors:/opt/ros/galactic /usr/bin/cmake /home/jacob/ros2_ws/src/tutorial_interfaces -DCMAKE_INSTALL_PREFIX=/home/jacob/ros2_ws/src/tutorial_interfaces/install/tutorial_interfaces
