[0.013s] Invoking command in '/home/jacob/ros2_ws/src/tutorial_interfaces/build/tutorial_interfaces': CMAKE_PREFIX_PATH=${CMAKE_PREFIX_PATH}:/home/jacob/ros2_ws/install/py_srvcli:/home/jacob/ros2_ws/install/py_pubsub:/home/jacob/ros2_ws/install/py_cameratest:/home/jacob/ros2_ws/install/my_package:/home/jacob/ros2_ws/install/examples_rclpy_pointcloud_publisher:/home/jacob/ros2_ws/install/examples_rclpy_minimal_subscriber:/home/jacob/ros2_ws/install/examples_rclpy_minimal_service:/home/jacob/ros2_ws/install/examples_rclpy_minimal_publisher:/home/jacob/ros2_ws/install/examples_rclpy_minimal_client:/home/jacob/ros2_ws/install/examples_rclpy_minimal_action_server:/home/jacob/ros2_ws/install/examples_rclpy_minimal_action_client:/home/jacob/ros2_ws/install/examples_rclpy_guard_conditions:/home/jacob/ros2_ws/install/examples_rclpy_executors:/opt/ros/galactic /usr/bin/cmake /home/jacob/ros2_ws/src/tutorial_interfaces -DCMAKE_INSTALL_PREFIX=/home/jacob/ros2_ws/src/tutorial_interfaces/install/tutorial_interfaces
[0.032s] -- Found ament_cmake: 1.1.6 (/opt/ros/galactic/share/ament_cmake/cmake)
[0.062s] -- Using PYTHON_EXECUTABLE: /usr/bin/python3
[0.129s] -- Found ament_lint_auto: 0.10.7 (/opt/ros/galactic/share/ament_lint_auto/cmake)
[0.206s] -- Found geometry_msgs: 2.2.4 (/opt/ros/galactic/share/geometry_msgs/cmake)
[0.240s] -- Using all available rosidl_typesupport_c: rosidl_typesupport_fastrtps_c;rosidl_typesupport_introspection_c
[0.245s] -- Found rosidl_adapter: 2.2.3 (/opt/ros/galactic/share/rosidl_adapter/cmake)
[0.358s] -- Using all available rosidl_typesupport_cpp: rosidl_typesupport_fastrtps_cpp;rosidl_typesupport_introspection_cpp
[0.452s] -- Found rosidl_default_generators: 1.1.1 (/opt/ros/galactic/share/rosidl_default_generators/cmake)
[0.503s] -- Found PythonInterp: /usr/bin/python3 (found version "3.8.10") 
[0.670s] -- Found ament_cmake_ros: 0.9.2 (/opt/ros/galactic/share/ament_cmake_ros/cmake)
[0.947s] -- Using all available rosidl_typesupport_c: rosidl_typesupport_fastrtps_c;rosidl_typesupport_introspection_c
[1.081s] -- Using all available rosidl_typesupport_cpp: rosidl_typesupport_fastrtps_cpp;rosidl_typesupport_introspection_cpp
[1.118s] -- Found PythonInterp: /usr/bin/python3 (found suitable version "3.8.10", minimum required is "3.5") 
[1.122s] -- Found python_cmake_module: 0.8.1 (/opt/ros/galactic/share/python_cmake_module/cmake)
[1.158s] -- Found PythonLibs: /usr/lib/x86_64-linux-gnu/libpython3.8.so (found suitable version "3.8.10", minimum required is "3.5") 
[1.158s] -- Using PYTHON_EXECUTABLE: /usr/bin/python3
[1.158s] -- Using PYTHON_INCLUDE_DIRS: /usr/include/python3.8
[1.159s] -- Using PYTHON_LIBRARIES: /usr/lib/x86_64-linux-gnu/libpython3.8.so
[1.204s] -- Found PythonExtra: .so  
[1.306s] -- Added test 'copyright' to check source files copyright and LICENSE
[1.316s] -- Added test 'cppcheck' to perform static code analysis on C / C++ code
[1.319s] -- Configured cppcheck include dirs: $<BUILD_INTERFACE:/home/jacob/ros2_ws/src/tutorial_interfaces/build/tutorial_interfaces/rosidl_generator_c>;/home/jacob/ros2_ws/src/tutorial_interfaces/build/tutorial_interfaces/rosidl_generator_c;/home/jacob/ros2_ws/src/tutorial_interfaces/build/tutorial_interfaces/rosidl_generator_cpp;/home/jacob/ros2_ws/src/tutorial_interfaces/build/tutorial_interfaces/rosidl_typesupport_fastrtps_c;/home/jacob/ros2_ws/src/tutorial_interfaces/build/tutorial_interfaces/rosidl_typesupport_fastrtps_cpp;$<BUILD_INTERFACE:/home/jacob/ros2_ws/src/tutorial_interfaces/build/tutorial_interfaces/rosidl_typesupport_introspection_c>;$<BUILD_INTERFACE:/home/jacob/ros2_ws/src/tutorial_interfaces/build/tutorial_interfaces/rosidl_typesupport_c>;$<BUILD_INTERFACE:/home/jacob/ros2_ws/src/tutorial_interfaces/build/tutorial_interfaces/rosidl_generator_cpp>;/home/jacob/ros2_ws/src/tutorial_interfaces/build/tutorial_interfaces/rosidl_generator_py
[1.319s] -- Configured cppcheck exclude dirs and/or files: 
[1.328s] -- Added test 'cpplint' to check C / C++ code against the Google style
[1.328s] -- Configured cpplint exclude dirs and/or files: 
[1.330s] -- Added test 'flake8' to check Python code syntax and style conventions
[1.333s] -- Added test 'lint_cmake' to check CMake code style
[1.334s] -- Added test 'pep257' to check Python code against some of the style conventions in PEP 257
[1.344s] -- Added test 'uncrustify' to check C / C++ code style
[1.344s] -- Configured uncrustify additional arguments: 
[1.345s] -- Added test 'xmllint' to check XML markup files
[1.355s] -- Configuring done
[1.436s] -- Generating done
[1.441s] -- Build files have been written to: /home/jacob/ros2_ws/src/tutorial_interfaces/build/tutorial_interfaces
[1.447s] Invoked command in '/home/jacob/ros2_ws/src/tutorial_interfaces/build/tutorial_interfaces' returned '0': CMAKE_PREFIX_PATH=${CMAKE_PREFIX_PATH}:/home/jacob/ros2_ws/install/py_srvcli:/home/jacob/ros2_ws/install/py_pubsub:/home/jacob/ros2_ws/install/py_cameratest:/home/jacob/ros2_ws/install/my_package:/home/jacob/ros2_ws/install/examples_rclpy_pointcloud_publisher:/home/jacob/ros2_ws/install/examples_rclpy_minimal_subscriber:/home/jacob/ros2_ws/install/examples_rclpy_minimal_service:/home/jacob/ros2_ws/install/examples_rclpy_minimal_publisher:/home/jacob/ros2_ws/install/examples_rclpy_minimal_client:/home/jacob/ros2_ws/install/examples_rclpy_minimal_action_server:/home/jacob/ros2_ws/install/examples_rclpy_minimal_action_client:/home/jacob/ros2_ws/install/examples_rclpy_guard_conditions:/home/jacob/ros2_ws/install/examples_rclpy_executors:/opt/ros/galactic /usr/bin/cmake /home/jacob/ros2_ws/src/tutorial_interfaces -DCMAKE_INSTALL_PREFIX=/home/jacob/ros2_ws/src/tutorial_interfaces/install/tutorial_interfaces
[1.450s] Invoking command in '/home/jacob/ros2_ws/src/tutorial_interfaces/build/tutorial_interfaces': CMAKE_PREFIX_PATH=${CMAKE_PREFIX_PATH}:/home/jacob/ros2_ws/install/py_srvcli:/home/jacob/ros2_ws/install/py_pubsub:/home/jacob/ros2_ws/install/py_cameratest:/home/jacob/ros2_ws/install/my_package:/home/jacob/ros2_ws/install/examples_rclpy_pointcloud_publisher:/home/jacob/ros2_ws/install/examples_rclpy_minimal_subscriber:/home/jacob/ros2_ws/install/examples_rclpy_minimal_service:/home/jacob/ros2_ws/install/examples_rclpy_minimal_publisher:/home/jacob/ros2_ws/install/examples_rclpy_minimal_client:/home/jacob/ros2_ws/install/examples_rclpy_minimal_action_server:/home/jacob/ros2_ws/install/examples_rclpy_minimal_action_client:/home/jacob/ros2_ws/install/examples_rclpy_guard_conditions:/home/jacob/ros2_ws/install/examples_rclpy_executors:/opt/ros/galactic /usr/bin/cmake --build /home/jacob/ros2_ws/src/tutorial_interfaces/build/tutorial_interfaces -- -j8 -l8
[1.488s] [  2%] [34m[1mGenerating C code for ROS interfaces[0m
[1.488s] [35m[1mScanning dependencies of target tutorial_interfaces__cpp[0m
[1.499s] [  4%] [34m[1mGenerating C++ code for ROS interfaces[0m
[1.797s] [  4%] Built target tutorial_interfaces__cpp
[1.809s] [  6%] [34m[1mGenerating C++ type support for eProsima Fast-RTPS[0m
[1.809s] [  8%] [34m[1mGenerating C++ introspection for ROS interfaces[0m
[1.810s] [ 10%] [34m[1mGenerating C++ type support dispatch for ROS interfaces[0m
[1.817s] [35m[1mScanning dependencies of target tutorial_interfaces__rosidl_generator_c[0m
[1.834s] [ 12%] [32mBuilding C object CMakeFiles/tutorial_interfaces__rosidl_generator_c.dir/rosidl_generator_c/tutorial_interfaces/msg/detail/num__functions.c.o[0m
[1.835s] [ 14%] [32mBuilding C object CMakeFiles/tutorial_interfaces__rosidl_generator_c.dir/rosidl_generator_c/tutorial_interfaces/srv/detail/add_three_ints__functions.c.o[0m
[1.836s] [ 17%] [32mBuilding C object CMakeFiles/tutorial_interfaces__rosidl_generator_c.dir/rosidl_generator_c/tutorial_interfaces/msg/detail/sphere__functions.c.o[0m
[1.902s] [ 19%] [32m[1mLinking C shared library libtutorial_interfaces__rosidl_generator_c.so[0m
[1.943s] [ 19%] Built target tutorial_interfaces__rosidl_generator_c
[1.954s] [ 21%] [34m[1mGenerating C introspection for ROS interfaces[0m
[1.957s] [ 23%] [34m[1mGenerating C type support dispatch for ROS interfaces[0m
[2.063s] [35m[1mScanning dependencies of target tutorial_interfaces__rosidl_typesupport_cpp[0m
[2.084s] [ 25%] [32mBuilding CXX object CMakeFiles/tutorial_interfaces__rosidl_typesupport_cpp.dir/rosidl_typesupport_cpp/tutorial_interfaces/msg/sphere__type_support.cpp.o[0m
[2.084s] [ 27%] [32mBuilding CXX object CMakeFiles/tutorial_interfaces__rosidl_typesupport_cpp.dir/rosidl_typesupport_cpp/tutorial_interfaces/msg/num__type_support.cpp.o[0m
[2.084s] [ 29%] [32mBuilding CXX object CMakeFiles/tutorial_interfaces__rosidl_typesupport_cpp.dir/rosidl_typesupport_cpp/tutorial_interfaces/srv/add_three_ints__type_support.cpp.o[0m
[2.114s] [35m[1mScanning dependencies of target tutorial_interfaces__rosidl_typesupport_introspection_cpp[0m
[2.134s] [ 31%] [32mBuilding CXX object CMakeFiles/tutorial_interfaces__rosidl_typesupport_introspection_cpp.dir/rosidl_typesupport_introspection_cpp/tutorial_interfaces/msg/detail/num__type_support.cpp.o[0m
[2.136s] [ 34%] [32mBuilding CXX object CMakeFiles/tutorial_interfaces__rosidl_typesupport_introspection_cpp.dir/rosidl_typesupport_introspection_cpp/tutorial_interfaces/msg/detail/sphere__type_support.cpp.o[0m
[2.170s] [35m[1mScanning dependencies of target tutorial_interfaces__rosidl_typesupport_fastrtps_cpp[0m
[2.204s] [ 36%] [32mBuilding CXX object CMakeFiles/tutorial_interfaces__rosidl_typesupport_fastrtps_cpp.dir/rosidl_typesupport_fastrtps_cpp/tutorial_interfaces/msg/detail/dds_fastrtps/num__type_support.cpp.o[0m
[2.355s] [35m[1mScanning dependencies of target tutorial_interfaces__rosidl_typesupport_c[0m
[2.378s] [ 38%] [32mBuilding CXX object CMakeFiles/tutorial_interfaces__rosidl_typesupport_c.dir/rosidl_typesupport_c/tutorial_interfaces/msg/num__type_support.cpp.o[0m
[2.423s] [ 40%] [32mBuilding CXX object CMakeFiles/tutorial_interfaces__rosidl_typesupport_c.dir/rosidl_typesupport_c/tutorial_interfaces/msg/sphere__type_support.cpp.o[0m
[2.469s] [ 42%] [32mBuilding CXX object CMakeFiles/tutorial_interfaces__rosidl_typesupport_c.dir/rosidl_typesupport_c/tutorial_interfaces/srv/add_three_ints__type_support.cpp.o[0m
[2.471s] [35m[1mScanning dependencies of target tutorial_interfaces__rosidl_typesupport_introspection_c[0m
[2.493s] [ 44%] [32mBuilding C object CMakeFiles/tutorial_interfaces__rosidl_typesupport_introspection_c.dir/rosidl_typesupport_introspection_c/tutorial_interfaces/msg/detail/num__type_support.c.o[0m
[2.516s] [ 46%] [32mBuilding CXX object CMakeFiles/tutorial_interfaces__rosidl_typesupport_fastrtps_cpp.dir/rosidl_typesupport_fastrtps_cpp/tutorial_interfaces/msg/detail/dds_fastrtps/sphere__type_support.cpp.o[0m
[2.518s] [ 48%] [32m[1mLinking CXX shared library libtutorial_interfaces__rosidl_typesupport_c.so[0m
[2.537s] [ 51%] [32m[1mLinking CXX shared library libtutorial_interfaces__rosidl_typesupport_cpp.so[0m
[2.542s] [ 53%] [32mBuilding CXX object CMakeFiles/tutorial_interfaces__rosidl_typesupport_fastrtps_cpp.dir/rosidl_typesupport_fastrtps_cpp/tutorial_interfaces/srv/detail/dds_fastrtps/add_three_ints__type_support.cpp.o[0m
[2.545s] [ 55%] [32mBuilding C object CMakeFiles/tutorial_interfaces__rosidl_typesupport_introspection_c.dir/rosidl_typesupport_introspection_c/tutorial_interfaces/msg/detail/sphere__type_support.c.o[0m
[2.549s] [ 57%] [32mBuilding CXX object CMakeFiles/tutorial_interfaces__rosidl_typesupport_introspection_cpp.dir/rosidl_typesupport_introspection_cpp/tutorial_interfaces/srv/detail/add_three_ints__type_support.cpp.o[0m
[2.579s] [ 59%] [32mBuilding C object CMakeFiles/tutorial_interfaces__rosidl_typesupport_introspection_c.dir/rosidl_typesupport_introspection_c/tutorial_interfaces/srv/detail/add_three_ints__type_support.c.o[0m
[2.582s] [ 59%] Built target tutorial_interfaces__rosidl_typesupport_c
[2.604s] [ 59%] Built target tutorial_interfaces__rosidl_typesupport_cpp
[2.622s] [ 61%] [32m[1mLinking C shared library libtutorial_interfaces__rosidl_typesupport_introspection_c.so[0m
[2.656s] [ 61%] Built target tutorial_interfaces__rosidl_typesupport_introspection_c
[2.853s] [ 63%] [32m[1mLinking CXX shared library libtutorial_interfaces__rosidl_typesupport_introspection_cpp.so[0m
[2.919s] [ 63%] Built target tutorial_interfaces__rosidl_typesupport_introspection_cpp
[2.938s] [ 65%] [32m[1mLinking CXX shared library libtutorial_interfaces__rosidl_typesupport_fastrtps_cpp.so[0m
[3.029s] [ 65%] Built target tutorial_interfaces__rosidl_typesupport_fastrtps_cpp
[3.039s] [ 68%] [34m[1mGenerating C type support for eProsima Fast-RTPS[0m
[3.305s] [35m[1mScanning dependencies of target tutorial_interfaces__rosidl_typesupport_fastrtps_c[0m
[3.325s] [ 70%] [32mBuilding CXX object CMakeFiles/tutorial_interfaces__rosidl_typesupport_fastrtps_c.dir/rosidl_typesupport_fastrtps_c/tutorial_interfaces/msg/detail/num__type_support_c.cpp.o[0m
[3.325s] [ 72%] [32mBuilding CXX object CMakeFiles/tutorial_interfaces__rosidl_typesupport_fastrtps_c.dir/rosidl_typesupport_fastrtps_c/tutorial_interfaces/msg/detail/sphere__type_support_c.cpp.o[0m
[3.326s] [ 74%] [32mBuilding CXX object CMakeFiles/tutorial_interfaces__rosidl_typesupport_fastrtps_c.dir/rosidl_typesupport_fastrtps_c/tutorial_interfaces/srv/detail/add_three_ints__type_support_c.cpp.o[0m
[3.634s] [ 76%] [32m[1mLinking CXX shared library libtutorial_interfaces__rosidl_typesupport_fastrtps_c.so[0m
[3.715s] [ 76%] Built target tutorial_interfaces__rosidl_typesupport_fastrtps_c
[3.724s] [35m[1mScanning dependencies of target tutorial_interfaces[0m
[3.734s] [ 76%] Built target tutorial_interfaces
[3.743s] [35m[1mScanning dependencies of target tutorial_interfaces__py[0m
[3.753s] [ 78%] [34m[1mGenerating Python code for ROS interfaces[0m
[4.250s] [ 78%] Built target tutorial_interfaces__py
[4.260s] [35m[1mScanning dependencies of target tutorial_interfaces__python[0m
[4.297s] [ 80%] [32mBuilding C object CMakeFiles/tutorial_interfaces__python.dir/rosidl_generator_py/tutorial_interfaces/msg/_num_s.c.o[0m
[4.297s] [ 82%] [32mBuilding C object CMakeFiles/tutorial_interfaces__python.dir/rosidl_generator_py/tutorial_interfaces/msg/_sphere_s.c.o[0m
[4.300s] [ 85%] [32mBuilding C object CMakeFiles/tutorial_interfaces__python.dir/rosidl_generator_py/tutorial_interfaces/srv/_add_three_ints_s.c.o[0m
[4.417s] [ 87%] [32m[1mLinking C shared library rosidl_generator_py/tutorial_interfaces/libtutorial_interfaces__python.so[0m
[4.458s] [ 87%] Built target tutorial_interfaces__python
[4.467s] [35m[1mScanning dependencies of target tutorial_interfaces__rosidl_typesupport_c__pyext[0m
[4.467s] [35m[1mScanning dependencies of target tutorial_interfaces__rosidl_typesupport_introspection_c__pyext[0m
[4.468s] [35m[1mScanning dependencies of target tutorial_interfaces__rosidl_typesupport_fastrtps_c__pyext[0m
[4.487s] [ 89%] [32mBuilding C object CMakeFiles/tutorial_interfaces__rosidl_typesupport_c__pyext.dir/rosidl_generator_py/tutorial_interfaces/_tutorial_interfaces_s.ep.rosidl_typesupport_c.c.o[0m
[4.487s] [ 91%] [32mBuilding C object CMakeFiles/tutorial_interfaces__rosidl_typesupport_introspection_c__pyext.dir/rosidl_generator_py/tutorial_interfaces/_tutorial_interfaces_s.ep.rosidl_typesupport_introspection_c.c.o[0m
[4.488s] [ 93%] [32mBuilding C object CMakeFiles/tutorial_interfaces__rosidl_typesupport_fastrtps_c__pyext.dir/rosidl_generator_py/tutorial_interfaces/_tutorial_interfaces_s.ep.rosidl_typesupport_fastrtps_c.c.o[0m
[4.567s] [ 97%] [32m[1mLinking C shared library rosidl_generator_py/tutorial_interfaces/tutorial_interfaces_s__rosidl_typesupport_c.cpython-38-x86_64-linux-gnu.so[0m
[4.568s] [ 97%] [32m[1mLinking C shared library rosidl_generator_py/tutorial_interfaces/tutorial_interfaces_s__rosidl_typesupport_introspection_c.cpython-38-x86_64-linux-gnu.so[0m
[4.569s] [100%] [32m[1mLinking CXX shared library rosidl_generator_py/tutorial_interfaces/tutorial_interfaces_s__rosidl_typesupport_fastrtps_c.cpython-38-x86_64-linux-gnu.so[0m
[4.605s] [100%] Built target tutorial_interfaces__rosidl_typesupport_c__pyext
[4.605s] [100%] Built target tutorial_interfaces__rosidl_typesupport_introspection_c__pyext
[4.634s] [100%] Built target tutorial_interfaces__rosidl_typesupport_fastrtps_c__pyext
[4.645s] Invoked command in '/home/jacob/ros2_ws/src/tutorial_interfaces/build/tutorial_interfaces' returned '0': CMAKE_PREFIX_PATH=${CMAKE_PREFIX_PATH}:/home/jacob/ros2_ws/install/py_srvcli:/home/jacob/ros2_ws/install/py_pubsub:/home/jacob/ros2_ws/install/py_cameratest:/home/jacob/ros2_ws/install/my_package:/home/jacob/ros2_ws/install/examples_rclpy_pointcloud_publisher:/home/jacob/ros2_ws/install/examples_rclpy_minimal_subscriber:/home/jacob/ros2_ws/install/examples_rclpy_minimal_service:/home/jacob/ros2_ws/install/examples_rclpy_minimal_publisher:/home/jacob/ros2_ws/install/examples_rclpy_minimal_client:/home/jacob/ros2_ws/install/examples_rclpy_minimal_action_server:/home/jacob/ros2_ws/install/examples_rclpy_minimal_action_client:/home/jacob/ros2_ws/install/examples_rclpy_guard_conditions:/home/jacob/ros2_ws/install/examples_rclpy_executors:/opt/ros/galactic /usr/bin/cmake --build /home/jacob/ros2_ws/src/tutorial_interfaces/build/tutorial_interfaces -- -j8 -l8
[4.724s] Invoking command in '/home/jacob/ros2_ws/src/tutorial_interfaces/build/tutorial_interfaces': CMAKE_PREFIX_PATH=${CMAKE_PREFIX_PATH}:/home/jacob/ros2_ws/install/py_srvcli:/home/jacob/ros2_ws/install/py_pubsub:/home/jacob/ros2_ws/install/py_cameratest:/home/jacob/ros2_ws/install/my_package:/home/jacob/ros2_ws/install/examples_rclpy_pointcloud_publisher:/home/jacob/ros2_ws/install/examples_rclpy_minimal_subscriber:/home/jacob/ros2_ws/install/examples_rclpy_minimal_service:/home/jacob/ros2_ws/install/examples_rclpy_minimal_publisher:/home/jacob/ros2_ws/install/examples_rclpy_minimal_client:/home/jacob/ros2_ws/install/examples_rclpy_minimal_action_server:/home/jacob/ros2_ws/install/examples_rclpy_minimal_action_client:/home/jacob/ros2_ws/install/examples_rclpy_guard_conditions:/home/jacob/ros2_ws/install/examples_rclpy_executors:/opt/ros/galactic /usr/bin/cmake --install /home/jacob/ros2_ws/src/tutorial_interfaces/build/tutorial_interfaces
[4.732s] -- Install configuration: ""
[4.733s] -- Installing: /home/jacob/ros2_ws/src/tutorial_interfaces/install/tutorial_interfaces/share/ament_index/resource_index/rosidl_interfaces/tutorial_interfaces
[4.733s] -- Installing: /home/jacob/ros2_ws/src/tutorial_interfaces/install/tutorial_interfaces/include/tutorial_interfaces
[4.733s] -- Installing: /home/jacob/ros2_ws/src/tutorial_interfaces/install/tutorial_interfaces/include/tutorial_interfaces/msg
[4.733s] -- Installing: /home/jacob/ros2_ws/src/tutorial_interfaces/install/tutorial_interfaces/include/tutorial_interfaces/msg/sphere.h
[4.734s] -- Installing: /home/jacob/ros2_ws/src/tutorial_interfaces/install/tutorial_interfaces/include/tutorial_interfaces/msg/rosidl_generator_c__visibility_control.h
[4.734s] -- Installing: /home/jacob/ros2_ws/src/tutorial_interfaces/install/tutorial_interfaces/include/tutorial_interfaces/msg/detail
[4.734s] -- Installing: /home/jacob/ros2_ws/src/tutorial_interfaces/install/tutorial_interfaces/include/tutorial_interfaces/msg/detail/sphere__type_support.h
[4.734s] -- Installing: /home/jacob/ros2_ws/src/tutorial_interfaces/install/tutorial_interfaces/include/tutorial_interfaces/msg/detail/num__struct.h
[4.734s] -- Installing: /home/jacob/ros2_ws/src/tutorial_interfaces/install/tutorial_interfaces/include/tutorial_interfaces/msg/detail/sphere__functions.c
[4.734s] -- Installing: /home/jacob/ros2_ws/src/tutorial_interfaces/install/tutorial_interfaces/include/tutorial_interfaces/msg/detail/sphere__functions.h
[4.734s] -- Installing: /home/jacob/ros2_ws/src/tutorial_interfaces/install/tutorial_interfaces/include/tutorial_interfaces/msg/detail/num__type_support.h
[4.734s] -- Installing: /home/jacob/ros2_ws/src/tutorial_interfaces/install/tutorial_interfaces/include/tutorial_interfaces/msg/detail/num__functions.h
[4.734s] -- Installing: /home/jacob/ros2_ws/src/tutorial_interfaces/install/tutorial_interfaces/include/tutorial_interfaces/msg/detail/num__functions.c
[4.734s] -- Installing: /home/jacob/ros2_ws/src/tutorial_interfaces/install/tutorial_interfaces/include/tutorial_interfaces/msg/detail/sphere__struct.h
[4.734s] -- Installing: /home/jacob/ros2_ws/src/tutorial_interfaces/install/tutorial_interfaces/include/tutorial_interfaces/msg/num.h
[4.734s] -- Installing: /home/jacob/ros2_ws/src/tutorial_interfaces/install/tutorial_interfaces/include/tutorial_interfaces/srv
[4.734s] -- Installing: /home/jacob/ros2_ws/src/tutorial_interfaces/install/tutorial_interfaces/include/tutorial_interfaces/srv/add_three_ints.h
[4.735s] -- Installing: /home/jacob/ros2_ws/src/tutorial_interfaces/install/tutorial_interfaces/include/tutorial_interfaces/srv/detail
[4.735s] -- Installing: /home/jacob/ros2_ws/src/tutorial_interfaces/install/tutorial_interfaces/include/tutorial_interfaces/srv/detail/add_three_ints__struct.h
[4.735s] -- Installing: /home/jacob/ros2_ws/src/tutorial_interfaces/install/tutorial_interfaces/include/tutorial_interfaces/srv/detail/add_three_ints__type_support.h
[4.735s] -- Installing: /home/jacob/ros2_ws/src/tutorial_interfaces/install/tutorial_interfaces/include/tutorial_interfaces/srv/detail/add_three_ints__functions.c
[4.735s] -- Installing: /home/jacob/ros2_ws/src/tutorial_interfaces/install/tutorial_interfaces/include/tutorial_interfaces/srv/detail/add_three_ints__functions.h
[4.735s] -- Installing: /home/jacob/ros2_ws/src/tutorial_interfaces/install/tutorial_interfaces/share/tutorial_interfaces/environment/library_path.sh
[4.735s] -- Installing: /home/jacob/ros2_ws/src/tutorial_interfaces/install/tutorial_interfaces/share/tutorial_interfaces/environment/library_path.dsv
[4.735s] -- Installing: /home/jacob/ros2_ws/src/tutorial_interfaces/install/tutorial_interfaces/lib/libtutorial_interfaces__rosidl_generator_c.so
[4.736s] -- Set runtime path of "/home/jacob/ros2_ws/src/tutorial_interfaces/install/tutorial_interfaces/lib/libtutorial_interfaces__rosidl_generator_c.so" to ""
[4.736s] -- Up-to-date: /home/jacob/ros2_ws/src/tutorial_interfaces/install/tutorial_interfaces/include/tutorial_interfaces
[4.736s] -- Up-to-date: /home/jacob/ros2_ws/src/tutorial_interfaces/install/tutorial_interfaces/include/tutorial_interfaces/msg
[4.736s] -- Installing: /home/jacob/ros2_ws/src/tutorial_interfaces/install/tutorial_interfaces/include/tutorial_interfaces/msg/rosidl_typesupport_fastrtps_c__visibility_control.h
[4.737s] -- Up-to-date: /home/jacob/ros2_ws/src/tutorial_interfaces/install/tutorial_interfaces/include/tutorial_interfaces/msg/detail
[4.737s] -- Installing: /home/jacob/ros2_ws/src/tutorial_interfaces/install/tutorial_interfaces/include/tutorial_interfaces/msg/detail/num__rosidl_typesupport_fastrtps_c.h
[4.737s] -- Installing: /home/jacob/ros2_ws/src/tutorial_interfaces/install/tutorial_interfaces/include/tutorial_interfaces/msg/detail/sphere__rosidl_typesupport_fastrtps_c.h
[4.737s] -- Up-to-date: /home/jacob/ros2_ws/src/tutorial_interfaces/install/tutorial_interfaces/include/tutorial_interfaces/srv
[4.737s] -- Up-to-date: /home/jacob/ros2_ws/src/tutorial_interfaces/install/tutorial_interfaces/include/tutorial_interfaces/srv/detail
[4.737s] -- Installing: /home/jacob/ros2_ws/src/tutorial_interfaces/install/tutorial_interfaces/include/tutorial_interfaces/srv/detail/add_three_ints__rosidl_typesupport_fastrtps_c.h
[4.737s] -- Installing: /home/jacob/ros2_ws/src/tutorial_interfaces/install/tutorial_interfaces/lib/libtutorial_interfaces__rosidl_typesupport_fastrtps_c.so
[4.737s] -- Set runtime path of "/home/jacob/ros2_ws/src/tutorial_interfaces/install/tutorial_interfaces/lib/libtutorial_interfaces__rosidl_typesupport_fastrtps_c.so" to ""
[4.737s] -- Up-to-date: /home/jacob/ros2_ws/src/tutorial_interfaces/install/tutorial_interfaces/include/tutorial_interfaces
[4.737s] -- Up-to-date: /home/jacob/ros2_ws/src/tutorial_interfaces/install/tutorial_interfaces/include/tutorial_interfaces/msg
[4.737s] -- Installing: /home/jacob/ros2_ws/src/tutorial_interfaces/install/tutorial_interfaces/include/tutorial_interfaces/msg/rosidl_typesupport_fastrtps_cpp__visibility_control.h
[4.738s] -- Up-to-date: /home/jacob/ros2_ws/src/tutorial_interfaces/install/tutorial_interfaces/include/tutorial_interfaces/msg/detail
[4.738s] -- Installing: /home/jacob/ros2_ws/src/tutorial_interfaces/install/tutorial_interfaces/include/tutorial_interfaces/msg/detail/dds_fastrtps
[4.738s] -- Installing: /home/jacob/ros2_ws/src/tutorial_interfaces/install/tutorial_interfaces/include/tutorial_interfaces/msg/detail/num__rosidl_typesupport_fastrtps_cpp.hpp
[4.738s] -- Installing: /home/jacob/ros2_ws/src/tutorial_interfaces/install/tutorial_interfaces/include/tutorial_interfaces/msg/detail/sphere__rosidl_typesupport_fastrtps_cpp.hpp
[4.738s] -- Up-to-date: /home/jacob/ros2_ws/src/tutorial_interfaces/install/tutorial_interfaces/include/tutorial_interfaces/srv
[4.738s] -- Up-to-date: /home/jacob/ros2_ws/src/tutorial_interfaces/install/tutorial_interfaces/include/tutorial_interfaces/srv/detail
[4.738s] -- Installing: /home/jacob/ros2_ws/src/tutorial_interfaces/install/tutorial_interfaces/include/tutorial_interfaces/srv/detail/add_three_ints__rosidl_typesupport_fastrtps_cpp.hpp
[4.738s] -- Installing: /home/jacob/ros2_ws/src/tutorial_interfaces/install/tutorial_interfaces/include/tutorial_interfaces/srv/detail/dds_fastrtps
[4.738s] -- Installing: /home/jacob/ros2_ws/src/tutorial_interfaces/install/tutorial_interfaces/lib/libtutorial_interfaces__rosidl_typesupport_fastrtps_cpp.so
[4.739s] -- Set runtime path of "/home/jacob/ros2_ws/src/tutorial_interfaces/install/tutorial_interfaces/lib/libtutorial_interfaces__rosidl_typesupport_fastrtps_cpp.so" to ""
[4.739s] -- Up-to-date: /home/jacob/ros2_ws/src/tutorial_interfaces/install/tutorial_interfaces/include/tutorial_interfaces
[4.739s] -- Up-to-date: /home/jacob/ros2_ws/src/tutorial_interfaces/install/tutorial_interfaces/include/tutorial_interfaces/msg
[4.739s] -- Installing: /home/jacob/ros2_ws/src/tutorial_interfaces/install/tutorial_interfaces/include/tutorial_interfaces/msg/rosidl_typesupport_introspection_c__visibility_control.h
[4.740s] -- Up-to-date: /home/jacob/ros2_ws/src/tutorial_interfaces/install/tutorial_interfaces/include/tutorial_interfaces/msg/detail
[4.740s] -- Installing: /home/jacob/ros2_ws/src/tutorial_interfaces/install/tutorial_interfaces/include/tutorial_interfaces/msg/detail/sphere__rosidl_typesupport_introspection_c.h
[4.740s] -- Installing: /home/jacob/ros2_ws/src/tutorial_interfaces/install/tutorial_interfaces/include/tutorial_interfaces/msg/detail/num__rosidl_typesupport_introspection_c.h
[4.740s] -- Installing: /home/jacob/ros2_ws/src/tutorial_interfaces/install/tutorial_interfaces/include/tutorial_interfaces/msg/detail/sphere__type_support.c
[4.740s] -- Installing: /home/jacob/ros2_ws/src/tutorial_interfaces/install/tutorial_interfaces/include/tutorial_interfaces/msg/detail/num__type_support.c
[4.740s] -- Up-to-date: /home/jacob/ros2_ws/src/tutorial_interfaces/install/tutorial_interfaces/include/tutorial_interfaces/srv
[4.740s] -- Up-to-date: /home/jacob/ros2_ws/src/tutorial_interfaces/install/tutorial_interfaces/include/tutorial_interfaces/srv/detail
[4.741s] -- Installing: /home/jacob/ros2_ws/src/tutorial_interfaces/install/tutorial_interfaces/include/tutorial_interfaces/srv/detail/add_three_ints__type_support.c
[4.741s] -- Installing: /home/jacob/ros2_ws/src/tutorial_interfaces/install/tutorial_interfaces/include/tutorial_interfaces/srv/detail/add_three_ints__rosidl_typesupport_introspection_c.h
[4.741s] -- Installing: /home/jacob/ros2_ws/src/tutorial_interfaces/install/tutorial_interfaces/lib/libtutorial_interfaces__rosidl_typesupport_introspection_c.so
[4.741s] -- Set runtime path of "/home/jacob/ros2_ws/src/tutorial_interfaces/install/tutorial_interfaces/lib/libtutorial_interfaces__rosidl_typesupport_introspection_c.so" to ""
[4.741s] -- Installing: /home/jacob/ros2_ws/src/tutorial_interfaces/install/tutorial_interfaces/lib/libtutorial_interfaces__rosidl_typesupport_c.so
[4.741s] -- Set runtime path of "/home/jacob/ros2_ws/src/tutorial_interfaces/install/tutorial_interfaces/lib/libtutorial_interfaces__rosidl_typesupport_c.so" to ""
[4.741s] -- Up-to-date: /home/jacob/ros2_ws/src/tutorial_interfaces/install/tutorial_interfaces/include/tutorial_interfaces
[4.742s] -- Up-to-date: /home/jacob/ros2_ws/src/tutorial_interfaces/install/tutorial_interfaces/include/tutorial_interfaces/msg
[4.742s] -- Up-to-date: /home/jacob/ros2_ws/src/tutorial_interfaces/install/tutorial_interfaces/include/tutorial_interfaces/msg/detail
[4.742s] -- Installing: /home/jacob/ros2_ws/src/tutorial_interfaces/install/tutorial_interfaces/include/tutorial_interfaces/msg/detail/sphere__traits.hpp
[4.742s] -- Installing: /home/jacob/ros2_ws/src/tutorial_interfaces/install/tutorial_interfaces/include/tutorial_interfaces/msg/detail/num__traits.hpp
[4.742s] -- Installing: /home/jacob/ros2_ws/src/tutorial_interfaces/install/tutorial_interfaces/include/tutorial_interfaces/msg/detail/num__struct.hpp
[4.742s] -- Installing: /home/jacob/ros2_ws/src/tutorial_interfaces/install/tutorial_interfaces/include/tutorial_interfaces/msg/detail/sphere__builder.hpp
[4.742s] -- Installing: /home/jacob/ros2_ws/src/tutorial_interfaces/install/tutorial_interfaces/include/tutorial_interfaces/msg/detail/num__builder.hpp
[4.743s] -- Installing: /home/jacob/ros2_ws/src/tutorial_interfaces/install/tutorial_interfaces/include/tutorial_interfaces/msg/detail/sphere__struct.hpp
[4.743s] -- Installing: /home/jacob/ros2_ws/src/tutorial_interfaces/install/tutorial_interfaces/include/tutorial_interfaces/msg/sphere.hpp
[4.743s] -- Installing: /home/jacob/ros2_ws/src/tutorial_interfaces/install/tutorial_interfaces/include/tutorial_interfaces/msg/num.hpp
[4.743s] -- Up-to-date: /home/jacob/ros2_ws/src/tutorial_interfaces/install/tutorial_interfaces/include/tutorial_interfaces/srv
[4.743s] -- Installing: /home/jacob/ros2_ws/src/tutorial_interfaces/install/tutorial_interfaces/include/tutorial_interfaces/srv/add_three_ints.hpp
[4.743s] -- Up-to-date: /home/jacob/ros2_ws/src/tutorial_interfaces/install/tutorial_interfaces/include/tutorial_interfaces/srv/detail
[4.744s] -- Installing: /home/jacob/ros2_ws/src/tutorial_interfaces/install/tutorial_interfaces/include/tutorial_interfaces/srv/detail/add_three_ints__struct.hpp
[4.744s] -- Installing: /home/jacob/ros2_ws/src/tutorial_interfaces/install/tutorial_interfaces/include/tutorial_interfaces/srv/detail/add_three_ints__traits.hpp
[4.744s] -- Installing: /home/jacob/ros2_ws/src/tutorial_interfaces/install/tutorial_interfaces/include/tutorial_interfaces/srv/detail/add_three_ints__builder.hpp
[4.744s] -- Up-to-date: /home/jacob/ros2_ws/src/tutorial_interfaces/install/tutorial_interfaces/include/tutorial_interfaces
[4.744s] -- Up-to-date: /home/jacob/ros2_ws/src/tutorial_interfaces/install/tutorial_interfaces/include/tutorial_interfaces/msg
[4.744s] -- Up-to-date: /home/jacob/ros2_ws/src/tutorial_interfaces/install/tutorial_interfaces/include/tutorial_interfaces/msg/detail
[4.744s] -- Installing: /home/jacob/ros2_ws/src/tutorial_interfaces/install/tutorial_interfaces/include/tutorial_interfaces/msg/detail/num__rosidl_typesupport_introspection_cpp.hpp
[4.745s] -- Installing: /home/jacob/ros2_ws/src/tutorial_interfaces/install/tutorial_interfaces/include/tutorial_interfaces/msg/detail/num__type_support.cpp
[4.745s] -- Installing: /home/jacob/ros2_ws/src/tutorial_interfaces/install/tutorial_interfaces/include/tutorial_interfaces/msg/detail/sphere__rosidl_typesupport_introspection_cpp.hpp
[4.745s] -- Installing: /home/jacob/ros2_ws/src/tutorial_interfaces/install/tutorial_interfaces/include/tutorial_interfaces/msg/detail/sphere__type_support.cpp
[4.745s] -- Up-to-date: /home/jacob/ros2_ws/src/tutorial_interfaces/install/tutorial_interfaces/include/tutorial_interfaces/srv
[4.745s] -- Up-to-date: /home/jacob/ros2_ws/src/tutorial_interfaces/install/tutorial_interfaces/include/tutorial_interfaces/srv/detail
[4.745s] -- Installing: /home/jacob/ros2_ws/src/tutorial_interfaces/install/tutorial_interfaces/include/tutorial_interfaces/srv/detail/add_three_ints__rosidl_typesupport_introspection_cpp.hpp
[4.745s] -- Installing: /home/jacob/ros2_ws/src/tutorial_interfaces/install/tutorial_interfaces/include/tutorial_interfaces/srv/detail/add_three_ints__type_support.cpp
[4.746s] -- Installing: /home/jacob/ros2_ws/src/tutorial_interfaces/install/tutorial_interfaces/lib/libtutorial_interfaces__rosidl_typesupport_introspection_cpp.so
[4.746s] -- Set runtime path of "/home/jacob/ros2_ws/src/tutorial_interfaces/install/tutorial_interfaces/lib/libtutorial_interfaces__rosidl_typesupport_introspection_cpp.so" to ""
[4.746s] -- Installing: /home/jacob/ros2_ws/src/tutorial_interfaces/install/tutorial_interfaces/lib/libtutorial_interfaces__rosidl_typesupport_cpp.so
[4.746s] -- Set runtime path of "/home/jacob/ros2_ws/src/tutorial_interfaces/install/tutorial_interfaces/lib/libtutorial_interfaces__rosidl_typesupport_cpp.so" to ""
[4.746s] -- Installing: /home/jacob/ros2_ws/src/tutorial_interfaces/install/tutorial_interfaces/share/tutorial_interfaces/environment/pythonpath.sh
[4.746s] -- Installing: /home/jacob/ros2_ws/src/tutorial_interfaces/install/tutorial_interfaces/share/tutorial_interfaces/environment/pythonpath.dsv
[4.746s] -- Installing: /home/jacob/ros2_ws/src/tutorial_interfaces/install/tutorial_interfaces/lib/python3.8/site-packages/tutorial_interfaces/__init__.py
[4.782s] Compiling '/home/jacob/ros2_ws/src/tutorial_interfaces/install/tutorial_interfaces/lib/python3.8/site-packages/tutorial_interfaces/__init__.py'...
[4.787s] -- Installing: /home/jacob/ros2_ws/src/tutorial_interfaces/install/tutorial_interfaces/lib/python3.8/site-packages/tutorial_interfaces/msg
[4.787s] -- Installing: /home/jacob/ros2_ws/src/tutorial_interfaces/install/tutorial_interfaces/lib/python3.8/site-packages/tutorial_interfaces/msg/__init__.py
[4.787s] -- Installing: /home/jacob/ros2_ws/src/tutorial_interfaces/install/tutorial_interfaces/lib/python3.8/site-packages/tutorial_interfaces/msg/_sphere.py
[4.787s] -- Installing: /home/jacob/ros2_ws/src/tutorial_interfaces/install/tutorial_interfaces/lib/python3.8/site-packages/tutorial_interfaces/msg/_num.py
[4.787s] -- Installing: /home/jacob/ros2_ws/src/tutorial_interfaces/install/tutorial_interfaces/lib/python3.8/site-packages/tutorial_interfaces/msg/_sphere_s.c
[4.787s] -- Installing: /home/jacob/ros2_ws/src/tutorial_interfaces/install/tutorial_interfaces/lib/python3.8/site-packages/tutorial_interfaces/msg/_num_s.c
[4.788s] -- Installing: /home/jacob/ros2_ws/src/tutorial_interfaces/install/tutorial_interfaces/lib/python3.8/site-packages/tutorial_interfaces/srv
[4.788s] -- Installing: /home/jacob/ros2_ws/src/tutorial_interfaces/install/tutorial_interfaces/lib/python3.8/site-packages/tutorial_interfaces/srv/__init__.py
[4.788s] -- Installing: /home/jacob/ros2_ws/src/tutorial_interfaces/install/tutorial_interfaces/lib/python3.8/site-packages/tutorial_interfaces/srv/_add_three_ints.py
[4.788s] -- Installing: /home/jacob/ros2_ws/src/tutorial_interfaces/install/tutorial_interfaces/lib/python3.8/site-packages/tutorial_interfaces/srv/_add_three_ints_s.c
[4.788s] -- Installing: /home/jacob/ros2_ws/src/tutorial_interfaces/install/tutorial_interfaces/lib/python3.8/site-packages/tutorial_interfaces/tutorial_interfaces_s__rosidl_typesupport_fastrtps_c.cpython-38-x86_64-linux-gnu.so
[4.789s] -- Set runtime path of "/home/jacob/ros2_ws/src/tutorial_interfaces/install/tutorial_interfaces/lib/python3.8/site-packages/tutorial_interfaces/tutorial_interfaces_s__rosidl_typesupport_fastrtps_c.cpython-38-x86_64-linux-gnu.so" to ""
[4.789s] -- Installing: /home/jacob/ros2_ws/src/tutorial_interfaces/install/tutorial_interfaces/lib/python3.8/site-packages/tutorial_interfaces/tutorial_interfaces_s__rosidl_typesupport_introspection_c.cpython-38-x86_64-linux-gnu.so
[4.790s] -- Set runtime path of "/home/jacob/ros2_ws/src/tutorial_interfaces/install/tutorial_interfaces/lib/python3.8/site-packages/tutorial_interfaces/tutorial_interfaces_s__rosidl_typesupport_introspection_c.cpython-38-x86_64-linux-gnu.so" to ""
[4.790s] -- Installing: /home/jacob/ros2_ws/src/tutorial_interfaces/install/tutorial_interfaces/lib/python3.8/site-packages/tutorial_interfaces/tutorial_interfaces_s__rosidl_typesupport_c.cpython-38-x86_64-linux-gnu.so
[4.791s] -- Set runtime path of "/home/jacob/ros2_ws/src/tutorial_interfaces/install/tutorial_interfaces/lib/python3.8/site-packages/tutorial_interfaces/tutorial_interfaces_s__rosidl_typesupport_c.cpython-38-x86_64-linux-gnu.so" to ""
[4.791s] -- Installing: /home/jacob/ros2_ws/src/tutorial_interfaces/install/tutorial_interfaces/lib/libtutorial_interfaces__python.so
[4.792s] -- Set runtime path of "/home/jacob/ros2_ws/src/tutorial_interfaces/install/tutorial_interfaces/lib/libtutorial_interfaces__python.so" to ""
[4.792s] -- Installing: /home/jacob/ros2_ws/src/tutorial_interfaces/install/tutorial_interfaces/share/tutorial_interfaces/msg/Num.idl
[4.792s] -- Installing: /home/jacob/ros2_ws/src/tutorial_interfaces/install/tutorial_interfaces/share/tutorial_interfaces/msg/Sphere.idl
[4.792s] -- Installing: /home/jacob/ros2_ws/src/tutorial_interfaces/install/tutorial_interfaces/share/tutorial_interfaces/srv/AddThreeInts.idl
[4.792s] -- Installing: /home/jacob/ros2_ws/src/tutorial_interfaces/install/tutorial_interfaces/share/tutorial_interfaces/msg/Num.msg
[4.792s] -- Installing: /home/jacob/ros2_ws/src/tutorial_interfaces/install/tutorial_interfaces/share/tutorial_interfaces/msg/Sphere.msg
[4.792s] -- Installing: /home/jacob/ros2_ws/src/tutorial_interfaces/install/tutorial_interfaces/share/tutorial_interfaces/srv/AddThreeInts.srv
[4.793s] -- Installing: /home/jacob/ros2_ws/src/tutorial_interfaces/install/tutorial_interfaces/share/tutorial_interfaces/srv/AddThreeInts_Request.msg
[4.793s] -- Installing: /home/jacob/ros2_ws/src/tutorial_interfaces/install/tutorial_interfaces/share/tutorial_interfaces/srv/AddThreeInts_Response.msg
[4.793s] -- Installing: /home/jacob/ros2_ws/src/tutorial_interfaces/install/tutorial_interfaces/share/ament_index/resource_index/package_run_dependencies/tutorial_interfaces
[4.793s] -- Installing: /home/jacob/ros2_ws/src/tutorial_interfaces/install/tutorial_interfaces/share/ament_index/resource_index/parent_prefix_path/tutorial_interfaces
[4.793s] -- Installing: /home/jacob/ros2_ws/src/tutorial_interfaces/install/tutorial_interfaces/share/tutorial_interfaces/environment/ament_prefix_path.sh
[4.793s] -- Installing: /home/jacob/ros2_ws/src/tutorial_interfaces/install/tutorial_interfaces/share/tutorial_interfaces/environment/ament_prefix_path.dsv
[4.794s] -- Installing: /home/jacob/ros2_ws/src/tutorial_interfaces/install/tutorial_interfaces/share/tutorial_interfaces/environment/path.sh
[4.794s] -- Installing: /home/jacob/ros2_ws/src/tutorial_interfaces/install/tutorial_interfaces/share/tutorial_interfaces/environment/path.dsv
[4.794s] -- Installing: /home/jacob/ros2_ws/src/tutorial_interfaces/install/tutorial_interfaces/share/tutorial_interfaces/local_setup.bash
[4.794s] -- Installing: /home/jacob/ros2_ws/src/tutorial_interfaces/install/tutorial_interfaces/share/tutorial_interfaces/local_setup.sh
[4.794s] -- Installing: /home/jacob/ros2_ws/src/tutorial_interfaces/install/tutorial_interfaces/share/tutorial_interfaces/local_setup.zsh
[4.794s] -- Installing: /home/jacob/ros2_ws/src/tutorial_interfaces/install/tutorial_interfaces/share/tutorial_interfaces/local_setup.dsv
[4.795s] -- Installing: /home/jacob/ros2_ws/src/tutorial_interfaces/install/tutorial_interfaces/share/tutorial_interfaces/package.dsv
[4.795s] -- Installing: /home/jacob/ros2_ws/src/tutorial_interfaces/install/tutorial_interfaces/share/ament_index/resource_index/packages/tutorial_interfaces
[4.795s] -- Installing: /home/jacob/ros2_ws/src/tutorial_interfaces/install/tutorial_interfaces/share/tutorial_interfaces/cmake/tutorial_interfaces__rosidl_generator_cExport.cmake
[4.795s] -- Installing: /home/jacob/ros2_ws/src/tutorial_interfaces/install/tutorial_interfaces/share/tutorial_interfaces/cmake/tutorial_interfaces__rosidl_generator_cExport-noconfig.cmake
[4.795s] -- Installing: /home/jacob/ros2_ws/src/tutorial_interfaces/install/tutorial_interfaces/share/tutorial_interfaces/cmake/tutorial_interfaces__rosidl_typesupport_introspection_cExport.cmake
[4.796s] -- Installing: /home/jacob/ros2_ws/src/tutorial_interfaces/install/tutorial_interfaces/share/tutorial_interfaces/cmake/tutorial_interfaces__rosidl_typesupport_introspection_cExport-noconfig.cmake
[4.796s] -- Installing: /home/jacob/ros2_ws/src/tutorial_interfaces/install/tutorial_interfaces/share/tutorial_interfaces/cmake/tutorial_interfaces__rosidl_typesupport_cExport.cmake
[4.796s] -- Installing: /home/jacob/ros2_ws/src/tutorial_interfaces/install/tutorial_interfaces/share/tutorial_interfaces/cmake/tutorial_interfaces__rosidl_typesupport_cExport-noconfig.cmake
[4.796s] -- Installing: /home/jacob/ros2_ws/src/tutorial_interfaces/install/tutorial_interfaces/share/tutorial_interfaces/cmake/tutorial_interfaces__rosidl_generator_cppExport.cmake
[4.797s] -- Installing: /home/jacob/ros2_ws/src/tutorial_interfaces/install/tutorial_interfaces/share/tutorial_interfaces/cmake/tutorial_interfaces__rosidl_typesupport_introspection_cppExport.cmake
[4.797s] -- Installing: /home/jacob/ros2_ws/src/tutorial_interfaces/install/tutorial_interfaces/share/tutorial_interfaces/cmake/tutorial_interfaces__rosidl_typesupport_introspection_cppExport-noconfig.cmake
[4.797s] -- Installing: /home/jacob/ros2_ws/src/tutorial_interfaces/install/tutorial_interfaces/share/tutorial_interfaces/cmake/tutorial_interfaces__rosidl_typesupport_cppExport.cmake
[4.797s] -- Installing: /home/jacob/ros2_ws/src/tutorial_interfaces/install/tutorial_interfaces/share/tutorial_interfaces/cmake/tutorial_interfaces__rosidl_typesupport_cppExport-noconfig.cmake
[4.797s] -- Installing: /home/jacob/ros2_ws/src/tutorial_interfaces/install/tutorial_interfaces/share/tutorial_interfaces/cmake/rosidl_cmake-extras.cmake
[4.797s] -- Installing: /home/jacob/ros2_ws/src/tutorial_interfaces/install/tutorial_interfaces/share/tutorial_interfaces/cmake/ament_cmake_export_dependencies-extras.cmake
[4.798s] -- Installing: /home/jacob/ros2_ws/src/tutorial_interfaces/install/tutorial_interfaces/share/tutorial_interfaces/cmake/ament_cmake_export_libraries-extras.cmake
[4.798s] -- Installing: /home/jacob/ros2_ws/src/tutorial_interfaces/install/tutorial_interfaces/share/tutorial_interfaces/cmake/ament_cmake_export_targets-extras.cmake
[4.798s] -- Installing: /home/jacob/ros2_ws/src/tutorial_interfaces/install/tutorial_interfaces/share/tutorial_interfaces/cmake/ament_cmake_export_include_directories-extras.cmake
[4.798s] -- Installing: /home/jacob/ros2_ws/src/tutorial_interfaces/install/tutorial_interfaces/share/tutorial_interfaces/cmake/rosidl_cmake_export_typesupport_libraries-extras.cmake
[4.798s] -- Installing: /home/jacob/ros2_ws/src/tutorial_interfaces/install/tutorial_interfaces/share/tutorial_interfaces/cmake/rosidl_cmake_export_typesupport_targets-extras.cmake
[4.798s] -- Installing: /home/jacob/ros2_ws/src/tutorial_interfaces/install/tutorial_interfaces/share/tutorial_interfaces/cmake/tutorial_interfacesConfig.cmake
[4.798s] -- Installing: /home/jacob/ros2_ws/src/tutorial_interfaces/install/tutorial_interfaces/share/tutorial_interfaces/cmake/tutorial_interfacesConfig-version.cmake
[4.799s] -- Installing: /home/jacob/ros2_ws/src/tutorial_interfaces/install/tutorial_interfaces/share/tutorial_interfaces/package.xml
[4.802s] Invoked command in '/home/jacob/ros2_ws/src/tutorial_interfaces/build/tutorial_interfaces' returned '0': CMAKE_PREFIX_PATH=${CMAKE_PREFIX_PATH}:/home/jacob/ros2_ws/install/py_srvcli:/home/jacob/ros2_ws/install/py_pubsub:/home/jacob/ros2_ws/install/py_cameratest:/home/jacob/ros2_ws/install/my_package:/home/jacob/ros2_ws/install/examples_rclpy_pointcloud_publisher:/home/jacob/ros2_ws/install/examples_rclpy_minimal_subscriber:/home/jacob/ros2_ws/install/examples_rclpy_minimal_service:/home/jacob/ros2_ws/install/examples_rclpy_minimal_publisher:/home/jacob/ros2_ws/install/examples_rclpy_minimal_client:/home/jacob/ros2_ws/install/examples_rclpy_minimal_action_server:/home/jacob/ros2_ws/install/examples_rclpy_minimal_action_client:/home/jacob/ros2_ws/install/examples_rclpy_guard_conditions:/home/jacob/ros2_ws/install/examples_rclpy_executors:/opt/ros/galactic /usr/bin/cmake --install /home/jacob/ros2_ws/src/tutorial_interfaces/build/tutorial_interfaces
